/home/jklymak/project/jklymak/AbHillInter/python
['getWork.py', 'Iso3kmlowU10Amp305f141B059MixRoughPatch100']
processing ../results/Iso3kmlowU10Amp305f141B059MixRoughPatch100/input/Iso3kmlowU10Amp305f141B059MixRoughPatch100
Writing to ../reduceddata/Iso3kmlowU10Amp305f141B059MixRoughPatch100/
keys Coordinates: (12/36)
  * XC       (XC) float64 1.5e+03 4.5e+03 7.5e+03 ... 1.436e+06 1.438e+06
  * YC       (YC) float64 1.5e+03 4.5e+03 7.5e+03 ... 1.196e+06 1.198e+06
  * XG       (XG) float64 0.0 3e+03 6e+03 ... 1.431e+06 1.434e+06 1.437e+06
  * YG       (YG) float64 0.0 3e+03 6e+03 ... 1.191e+06 1.194e+06 1.197e+06
  * Z        (Z) float64 -5.0 -15.0 -25.0 ... -3.975e+03 -3.985e+03 -3.995e+03
  * Zp1      (Zp1) float64 0.0 -10.0 -20.0 -30.0 ... -3.98e+03 -3.99e+03 -4e+03
    ...       ...
    rLowS    (YG, XC) float64 dask.array<chunksize=(400, 480), meta=np.ndarray>
    rhoRef   (Z) float64 dask.array<chunksize=(400,), meta=np.ndarray>
    rLowW    (YC, XG) float64 dask.array<chunksize=(400, 480), meta=np.ndarray>
    rLowC    (YC, XC) float64 dask.array<chunksize=(400, 480), meta=np.ndarray>
    iter     (time) int64 dask.array<chunksize=(1,), meta=np.ndarray>
  * time     (time) timedelta64[ns] 0 days 1 days 2 days ... 35 days 36 days
<xarray.DataArray 'time' (time: 37)>
array([               0,   86400000000000,  172800000000000,  259200000000000,
        345600000000000,  432000000000000,  518400000000000,  604800000000000,
        691200000000000,  777600000000000,  864000000000000,  950400000000000,
       1036800000000000, 1123200000000000, 1209600000000000, 1296000000000000,
       1382400000000000, 1468800000000000, 1555200000000000, 1641600000000000,
       1728000000000000, 1814400000000000, 1900800000000000, 1987200000000000,
       2073600000000000, 2160000000000000, 2246400000000000, 2332800000000000,
       2419200000000000, 2505600000000000, 2592000000000000, 2678400000000000,
       2764800000000000, 2851200000000000, 2937600000000000, 3024000000000000,
       3110400000000000], dtype='timedelta64[ns]')
Coordinates:
    iter     (time) int64 dask.array<chunksize=(1,), meta=np.ndarray>
  * time     (time) timedelta64[ns] 0 days 1 days 2 days ... 35 days 36 days
Attributes:
    standard_name:  time
    long_name:      Time
    axis:           T
    calendar:       gregorian
[                                        ] | 0% Completed |  0.0s[#######                                 ] | 18% Completed |  3.4s[##########                              ] | 25% Completed |  3.8s[###########                             ] | 27% Completed |  4.1s[#################                       ] | 42% Completed |  4.2s[####################                    ] | 50% Completed |  4.3s[############################            ] | 71% Completed |  4.4s[######################################  ] | 96% Completed |  4.5s[####################################### ] | 99% Completed |  4.6s[####################################### ] | 99% Completed |  4.7s[####################################### ] | 99% Completed |  4.8s[####################################### ] | 99% Completed |  4.9s[####################################### ] | 99% Completed |  5.0s[####################################### ] | 99% Completed |  5.1s[####################################### ] | 99% Completed |  5.2s[####################################### ] | 99% Completed |  5.3s[####################################### ] | 99% Completed |  5.4s[####################################### ] | 99% Completed |  5.5s[####################################### ] | 99% Completed |  5.6s[####################################### ] | 99% Completed |  5.7s[####################################### ] | 99% Completed |  5.8s[####################################### ] | 99% Completed |  5.9s[####################################### ] | 99% Completed |  6.0s[####################################### ] | 99% Completed |  6.1s[########################################] | 100% Completed |  6.2s
Traceback (most recent call last):
  File "/home/jklymak/venvs/AbHillInter2/lib/python3.8/site-packages/xmitgcm/mds_store.py", line 184, in open_mdsdataset
    iternum = int(iters)
TypeError: int() argument must be a string, a bytes-like object or a number, not 'list'

During handling of the above exception, another exception occurred:

Traceback (most recent call last):
  File "/home/jklymak/venvs/AbHillInter2/lib/python3.8/site-packages/xmitgcm/utils.py", line 207, in read_mds
    metadata = parse_meta_file(metafile)
  File "/home/jklymak/venvs/AbHillInter2/lib/python3.8/site-packages/xmitgcm/utils.py", line 34, in parse_meta_file
    with open(fname) as f:
FileNotFoundError: [Errno 2] No such file or directory: '../results/Iso3kmlowU10Amp305f141B059MixRoughPatch100/input/final.0001353600.meta'

During handling of the above exception, another exception occurred:

Traceback (most recent call last):
  File "/home/jklymak/venvs/AbHillInter2/lib/python3.8/site-packages/xmitgcm/mds_store.py", line 634, in load_from_prefix
    vardata = read_mds(basename, iternum, endian=self.endian,
  File "/home/jklymak/venvs/AbHillInter2/lib/python3.8/site-packages/xmitgcm/utils.py", line 215, in read_mds
    raise IOError("Cannot find the shape associated to %s in the \
OSError: Cannot find the shape associated to ../results/Iso3kmlowU10Amp305f141B059MixRoughPatch100/input/final in the                           metadata.

During handling of the above exception, another exception occurred:

Traceback (most recent call last):
  File "/home/jklymak/venvs/AbHillInter2/lib/python3.8/site-packages/xmitgcm/utils.py", line 207, in read_mds
    metadata = parse_meta_file(metafile)
  File "/home/jklymak/venvs/AbHillInter2/lib/python3.8/site-packages/xmitgcm/utils.py", line 34, in parse_meta_file
    with open(fname) as f:
FileNotFoundError: [Errno 2] No such file or directory: '../results/Iso3kmlowU10Amp305f141B059MixRoughPatch100/input/final.0001353600.meta'

During handling of the above exception, another exception occurred:

Traceback (most recent call last):
  File "getWork.py", line 44, in <module>
    with xm.open_mdsdataset(data_dir, prefix=['final'], endian="<", geometry='cartesian') as ds:
  File "/home/jklymak/venvs/AbHillInter2/lib/python3.8/site-packages/xmitgcm/mds_store.py", line 220, in open_mdsdataset
    datasets = [open_mdsdataset(
  File "/home/jklymak/venvs/AbHillInter2/lib/python3.8/site-packages/xmitgcm/mds_store.py", line 220, in <listcomp>
    datasets = [open_mdsdataset(
  File "/home/jklymak/venvs/AbHillInter2/lib/python3.8/site-packages/xmitgcm/mds_store.py", line 252, in open_mdsdataset
    store = _MDSDataStore(data_dir, grid_dir, iternum, delta_t, read_grid,
  File "/home/jklymak/venvs/AbHillInter2/lib/python3.8/site-packages/xmitgcm/mds_store.py", line 559, in __init__
    for (vname, dims, data, attrs) in \
  File "/home/jklymak/venvs/AbHillInter2/lib/python3.8/site-packages/xmitgcm/mds_store.py", line 654, in load_from_prefix
    vardata = read_mds(basename, iternum, endian=self.endian,
  File "/home/jklymak/venvs/AbHillInter2/lib/python3.8/site-packages/xmitgcm/utils.py", line 218, in read_mds
    raise IOError("Cannot find the dtype associated to %s in the \
OSError: Cannot find the dtype associated to ../results/Iso3kmlowU10Amp305f141B059MixRoughPatch100/input/final in the                           metadata, please specify the default dtype to                           avoid this error.
['getMeanVel.py', 'Iso3kmlowU10Amp305f141B059MixRoughPatch100']
processing ../results/Iso3kmlowU10Amp305f141B059MixRoughPatch100/input/Iso3kmlowU10Amp305f141B059MixRoughPatch100
Writing to ../reduceddata/Iso3kmlowU10Amp305f141B059MixRoughPatch100/
<xarray.Dataset>
Dimensions:  (XC: 480, XG: 480, YC: 400, YG: 400, Z: 400, Zl: 400, Zp1: 401, Zu: 400, time: 18)
Coordinates: (12/36)
  * XC       (XC) float64 1.5e+03 4.5e+03 7.5e+03 ... 1.436e+06 1.438e+06
  * YC       (YC) float64 1.5e+03 4.5e+03 7.5e+03 ... 1.196e+06 1.198e+06
  * XG       (XG) float64 0.0 3e+03 6e+03 ... 1.431e+06 1.434e+06 1.437e+06
  * YG       (YG) float64 0.0 3e+03 6e+03 ... 1.191e+06 1.194e+06 1.197e+06
  * Z        (Z) float64 -5.0 -15.0 -25.0 ... -3.975e+03 -3.985e+03 -3.995e+03
  * Zp1      (Zp1) float64 0.0 -10.0 -20.0 -30.0 ... -3.98e+03 -3.99e+03 -4e+03
    ...       ...
    rLowS    (YG, XC) float64 dask.array<chunksize=(400, 480), meta=np.ndarray>
    rhoRef   (Z) float64 dask.array<chunksize=(400,), meta=np.ndarray>
    rLowW    (YC, XG) float64 dask.array<chunksize=(400, 480), meta=np.ndarray>
    rLowC    (YC, XC) float64 dask.array<chunksize=(400, 480), meta=np.ndarray>
    iter     (time) int64 dask.array<chunksize=(1,), meta=np.ndarray>
  * time     (time) timedelta64[ns] 2 days 4 days 6 days ... 34 days 36 days
Data variables:
    VVEL     (time, Z, YG, XC) float64 dask.array<chunksize=(1, 400, 400, 480), meta=np.ndarray>
    UVEL     (time, Z, YC, XG) float64 dask.array<chunksize=(1, 400, 400, 480), meta=np.ndarray>
    THETA    (time, Z, YC, XC) float64 dask.array<chunksize=(1, 400, 400, 480), meta=np.ndarray>
Traceback (most recent call last):
  File "getMeanVel.py", line 45, in <module>
    work.to_zarr(f'{out_dir}/workMean.zarr')
  File "/home/jklymak/venvs/AbHillInter2/lib/python3.8/site-packages/xarray/core/dataset.py", line 1790, in to_zarr
    return to_zarr(
  File "/home/jklymak/venvs/AbHillInter2/lib/python3.8/site-packages/xarray/backends/api.py", line 1463, in to_zarr
    zstore = backends.ZarrStore.open_group(
  File "/home/jklymak/venvs/AbHillInter2/lib/python3.8/site-packages/xarray/backends/zarr.py", line 324, in open_group
    zarr_group = zarr.open_group(store, **open_kwargs)
  File "/home/jklymak/venvs/AbHillInter2/lib/python3.8/site-packages/zarr/hierarchy.py", line 1181, in open_group
    raise ContainsGroupError(path)
zarr.errors.ContainsGroupError: path '' contains a group
building file list ... done
Iso3kmlowU10Amp305f141B059MixRoughPatch100/
Iso3kmlowU10Amp305f141B059MixRoughPatch100/twod.zarr/
Iso3kmlowU10Amp305f141B059MixRoughPatch100/twod.zarr/.zattrs
Iso3kmlowU10Amp305f141B059MixRoughPatch100/twod.zarr/.zgroup
Iso3kmlowU10Amp305f141B059MixRoughPatch100/twod.zarr/Depth/
Iso3kmlowU10Amp305f141B059MixRoughPatch100/twod.zarr/Depth/.zarray
Iso3kmlowU10Amp305f141B059MixRoughPatch100/twod.zarr/Depth/.zattrs
Iso3kmlowU10Amp305f141B059MixRoughPatch100/twod.zarr/Depth/0.0
Iso3kmlowU10Amp305f141B059MixRoughPatch100/twod.zarr/ETAN/
Iso3kmlowU10Amp305f141B059MixRoughPatch100/twod.zarr/ETAN/.zarray
Iso3kmlowU10Amp305f141B059MixRoughPatch100/twod.zarr/ETAN/.zattrs
Iso3kmlowU10Amp305f141B059MixRoughPatch100/twod.zarr/ETAN/0.0.0
Iso3kmlowU10Amp305f141B059MixRoughPatch100/twod.zarr/ETAN/1.0.0
Iso3kmlowU10Amp305f141B059MixRoughPatch100/twod.zarr/ETAN/10.0.0
Iso3kmlowU10Amp305f141B059MixRoughPatch100/twod.zarr/ETAN/11.0.0
Iso3kmlowU10Amp305f141B059MixRoughPatch100/twod.zarr/ETAN/12.0.0
Iso3kmlowU10Amp305f141B059MixRoughPatch100/twod.zarr/ETAN/13.0.0
Iso3kmlowU10Amp305f141B059MixRoughPatch100/twod.zarr/ETAN/14.0.0
Iso3kmlowU10Amp305f141B059MixRoughPatch100/twod.zarr/ETAN/15.0.0
Iso3kmlowU10Amp305f141B059MixRoughPatch100/twod.zarr/ETAN/16.0.0
Iso3kmlowU10Amp305f141B059MixRoughPatch100/twod.zarr/ETAN/17.0.0
Iso3kmlowU10Amp305f141B059MixRoughPatch100/twod.zarr/ETAN/18.0.0
Iso3kmlowU10Amp305f141B059MixRoughPatch100/twod.zarr/ETAN/19.0.0
Iso3kmlowU10Amp305f141B059MixRoughPatch100/twod.zarr/ETAN/2.0.0
Iso3kmlowU10Amp305f141B059MixRoughPatch100/twod.zarr/ETAN/20.0.0
Iso3kmlowU10Amp305f141B059MixRoughPatch100/twod.zarr/ETAN/21.0.0
Iso3kmlowU10Amp305f141B059MixRoughPatch100/twod.zarr/ETAN/22.0.0
Iso3kmlowU10Amp305f141B059MixRoughPatch100/twod.zarr/ETAN/23.0.0
Iso3kmlowU10Amp305f141B059MixRoughPatch100/twod.zarr/ETAN/24.0.0
Iso3kmlowU10Amp305f141B059MixRoughPatch100/twod.zarr/ETAN/25.0.0
Iso3kmlowU10Amp305f141B059MixRoughPatch100/twod.zarr/ETAN/26.0.0
Iso3kmlowU10Amp305f141B059MixRoughPatch100/twod.zarr/ETAN/27.0.0
Iso3kmlowU10Amp305f141B059MixRoughPatch100/twod.zarr/ETAN/28.0.0
Iso3kmlowU10Amp305f141B059MixRoughPatch100/twod.zarr/ETAN/29.0.0
Iso3kmlowU10Amp305f141B059MixRoughPatch100/twod.zarr/ETAN/3.0.0
Iso3kmlowU10Amp305f141B059MixRoughPatch100/twod.zarr/ETAN/30.0.0
Iso3kmlowU10Amp305f141B059MixRoughPatch100/twod.zarr/ETAN/31.0.0
Iso3kmlowU10Amp305f141B059MixRoughPatch100/twod.zarr/ETAN/32.0.0
Iso3kmlowU10Amp305f141B059MixRoughPatch100/twod.zarr/ETAN/33.0.0
Iso3kmlowU10Amp305f141B059MixRoughPatch100/twod.zarr/ETAN/34.0.0
Iso3kmlowU10Amp305f141B059MixRoughPatch100/twod.zarr/ETAN/35.0.0
Iso3kmlowU10Amp305f141B059MixRoughPatch100/twod.zarr/ETAN/36.0.0
Iso3kmlowU10Amp305f141B059MixRoughPatch100/twod.zarr/ETAN/4.0.0
Iso3kmlowU10Amp305f141B059MixRoughPatch100/twod.zarr/ETAN/5.0.0
Iso3kmlowU10Amp305f141B059MixRoughPatch100/twod.zarr/ETAN/6.0.0
Iso3kmlowU10Amp305f141B059MixRoughPatch100/twod.zarr/ETAN/7.0.0
Iso3kmlowU10Amp305f141B059MixRoughPatch100/twod.zarr/ETAN/8.0.0
Iso3kmlowU10Amp305f141B059MixRoughPatch100/twod.zarr/ETAN/9.0.0
Iso3kmlowU10Amp305f141B059MixRoughPatch100/twod.zarr/PHIBOT/
Iso3kmlowU10Amp305f141B059MixRoughPatch100/twod.zarr/PHIBOT/.zarray
Iso3kmlowU10Amp305f141B059MixRoughPatch100/twod.zarr/PHIBOT/.zattrs
Iso3kmlowU10Amp305f141B059MixRoughPatch100/twod.zarr/PHIBOT/0.0.0
Iso3kmlowU10Amp305f141B059MixRoughPatch100/twod.zarr/PHIBOT/1.0.0
Iso3kmlowU10Amp305f141B059MixRoughPatch100/twod.zarr/PHIBOT/10.0.0
Iso3kmlowU10Amp305f141B059MixRoughPatch100/twod.zarr/PHIBOT/11.0.0
Iso3kmlowU10Amp305f141B059MixRoughPatch100/twod.zarr/PHIBOT/12.0.0
Iso3kmlowU10Amp305f141B059MixRoughPatch100/twod.zarr/PHIBOT/13.0.0
Iso3kmlowU10Amp305f141B059MixRoughPatch100/twod.zarr/PHIBOT/14.0.0
Iso3kmlowU10Amp305f141B059MixRoughPatch100/twod.zarr/PHIBOT/15.0.0
Iso3kmlowU10Amp305f141B059MixRoughPatch100/twod.zarr/PHIBOT/16.0.0
Iso3kmlowU10Amp305f141B059MixRoughPatch100/twod.zarr/PHIBOT/17.0.0
Iso3kmlowU10Amp305f141B059MixRoughPatch100/twod.zarr/PHIBOT/18.0.0
Iso3kmlowU10Amp305f141B059MixRoughPatch100/twod.zarr/PHIBOT/19.0.0
Iso3kmlowU10Amp305f141B059MixRoughPatch100/twod.zarr/PHIBOT/2.0.0
Iso3kmlowU10Amp305f141B059MixRoughPatch100/twod.zarr/PHIBOT/20.0.0
Iso3kmlowU10Amp305f141B059MixRoughPatch100/twod.zarr/PHIBOT/21.0.0
Iso3kmlowU10Amp305f141B059MixRoughPatch100/twod.zarr/PHIBOT/22.0.0
Iso3kmlowU10Amp305f141B059MixRoughPatch100/twod.zarr/PHIBOT/23.0.0
Iso3kmlowU10Amp305f141B059MixRoughPatch100/twod.zarr/PHIBOT/24.0.0
Iso3kmlowU10Amp305f141B059MixRoughPatch100/twod.zarr/PHIBOT/25.0.0
Iso3kmlowU10Amp305f141B059MixRoughPatch100/twod.zarr/PHIBOT/26.0.0
Iso3kmlowU10Amp305f141B059MixRoughPatch100/twod.zarr/PHIBOT/27.0.0
Iso3kmlowU10Amp305f141B059MixRoughPatch100/twod.zarr/PHIBOT/28.0.0
Iso3kmlowU10Amp305f141B059MixRoughPatch100/twod.zarr/PHIBOT/29.0.0
Iso3kmlowU10Amp305f141B059MixRoughPatch100/twod.zarr/PHIBOT/3.0.0
Iso3kmlowU10Amp305f141B059MixRoughPatch100/twod.zarr/PHIBOT/30.0.0
Iso3kmlowU10Amp305f141B059MixRoughPatch100/twod.zarr/PHIBOT/31.0.0
Iso3kmlowU10Amp305f141B059MixRoughPatch100/twod.zarr/PHIBOT/32.0.0
Iso3kmlowU10Amp305f141B059MixRoughPatch100/twod.zarr/PHIBOT/33.0.0
Iso3kmlowU10Amp305f141B059MixRoughPatch100/twod.zarr/PHIBOT/34.0.0
Iso3kmlowU10Amp305f141B059MixRoughPatch100/twod.zarr/PHIBOT/35.0.0
Iso3kmlowU10Amp305f141B059MixRoughPatch100/twod.zarr/PHIBOT/36.0.0
Iso3kmlowU10Amp305f141B059MixRoughPatch100/twod.zarr/PHIBOT/4.0.0
Iso3kmlowU10Amp305f141B059MixRoughPatch100/twod.zarr/PHIBOT/5.0.0
Iso3kmlowU10Amp305f141B059MixRoughPatch100/twod.zarr/PHIBOT/6.0.0
Iso3kmlowU10Amp305f141B059MixRoughPatch100/twod.zarr/PHIBOT/7.0.0
Iso3kmlowU10Amp305f141B059MixRoughPatch100/twod.zarr/PHIBOT/8.0.0
Iso3kmlowU10Amp305f141B059MixRoughPatch100/twod.zarr/PHIBOT/9.0.0
Iso3kmlowU10Amp305f141B059MixRoughPatch100/twod.zarr/PHrefC/
Iso3kmlowU10Amp305f141B059MixRoughPatch100/twod.zarr/PHrefC/.zarray
Iso3kmlowU10Amp305f141B059MixRoughPatch100/twod.zarr/PHrefC/.zattrs
Iso3kmlowU10Amp305f141B059MixRoughPatch100/twod.zarr/PHrefC/0
Iso3kmlowU10Amp305f141B059MixRoughPatch100/twod.zarr/PHrefF/
Iso3kmlowU10Amp305f141B059MixRoughPatch100/twod.zarr/PHrefF/.zarray
Iso3kmlowU10Amp305f141B059MixRoughPatch100/twod.zarr/PHrefF/.zattrs
Iso3kmlowU10Amp305f141B059MixRoughPatch100/twod.zarr/PHrefF/0
Iso3kmlowU10Amp305f141B059MixRoughPatch100/twod.zarr/XC/
Iso3kmlowU10Amp305f141B059MixRoughPatch100/twod.zarr/XC/.zarray
Iso3kmlowU10Amp305f141B059MixRoughPatch100/twod.zarr/XC/.zattrs
Iso3kmlowU10Amp305f141B059MixRoughPatch100/twod.zarr/XC/0
Iso3kmlowU10Amp305f141B059MixRoughPatch100/twod.zarr/XG/
Iso3kmlowU10Amp305f141B059MixRoughPatch100/twod.zarr/XG/.zarray
Iso3kmlowU10Amp305f141B059MixRoughPatch100/twod.zarr/XG/.zattrs
Iso3kmlowU10Amp305f141B059MixRoughPatch100/twod.zarr/XG/0
Iso3kmlowU10Amp305f141B059MixRoughPatch100/twod.zarr/YC/
Iso3kmlowU10Amp305f141B059MixRoughPatch100/twod.zarr/YC/.zarray
Iso3kmlowU10Amp305f141B059MixRoughPatch100/twod.zarr/YC/.zattrs
Iso3kmlowU10Amp305f141B059MixRoughPatch100/twod.zarr/YC/0
Iso3kmlowU10Amp305f141B059MixRoughPatch100/twod.zarr/YG/
Iso3kmlowU10Amp305f141B059MixRoughPatch100/twod.zarr/YG/.zarray
Iso3kmlowU10Amp305f141B059MixRoughPatch100/twod.zarr/YG/.zattrs
Iso3kmlowU10Amp305f141B059MixRoughPatch100/twod.zarr/YG/0
Iso3kmlowU10Amp305f141B059MixRoughPatch100/twod.zarr/Z/
Iso3kmlowU10Amp305f141B059MixRoughPatch100/twod.zarr/Z/.zarray
Iso3kmlowU10Amp305f141B059MixRoughPatch100/twod.zarr/Z/.zattrs
Iso3kmlowU10Amp305f141B059MixRoughPatch100/twod.zarr/Z/0
Iso3kmlowU10Amp305f141B059MixRoughPatch100/twod.zarr/Zl/
Iso3kmlowU10Amp305f141B059MixRoughPatch100/twod.zarr/Zl/.zarray
Iso3kmlowU10Amp305f141B059MixRoughPatch100/twod.zarr/Zl/.zattrs
Iso3kmlowU10Amp305f141B059MixRoughPatch100/twod.zarr/Zl/0
Iso3kmlowU10Amp305f141B059MixRoughPatch100/twod.zarr/Zp1/
Iso3kmlowU10Amp305f141B059MixRoughPatch100/twod.zarr/Zp1/.zarray
Iso3kmlowU10Amp305f141B059MixRoughPatch100/twod.zarr/Zp1/.zattrs
Iso3kmlowU10Amp305f141B059MixRoughPatch100/twod.zarr/Zp1/0
Iso3kmlowU10Amp305f141B059MixRoughPatch100/twod.zarr/Zu/
Iso3kmlowU10Amp305f141B059MixRoughPatch100/twod.zarr/Zu/.zarray
Iso3kmlowU10Amp305f141B059MixRoughPatch100/twod.zarr/Zu/.zattrs
Iso3kmlowU10Amp305f141B059MixRoughPatch100/twod.zarr/Zu/0
Iso3kmlowU10Amp305f141B059MixRoughPatch100/twod.zarr/drC/
Iso3kmlowU10Amp305f141B059MixRoughPatch100/twod.zarr/drC/.zarray
Iso3kmlowU10Amp305f141B059MixRoughPatch100/twod.zarr/drC/.zattrs
Iso3kmlowU10Amp305f141B059MixRoughPatch100/twod.zarr/drC/0
Iso3kmlowU10Amp305f141B059MixRoughPatch100/twod.zarr/drF/
Iso3kmlowU10Amp305f141B059MixRoughPatch100/twod.zarr/drF/.zarray
Iso3kmlowU10Amp305f141B059MixRoughPatch100/twod.zarr/drF/.zattrs
Iso3kmlowU10Amp305f141B059MixRoughPatch100/twod.zarr/drF/0
Iso3kmlowU10Amp305f141B059MixRoughPatch100/twod.zarr/dxC/
Iso3kmlowU10Amp305f141B059MixRoughPatch100/twod.zarr/dxC/.zarray
Iso3kmlowU10Amp305f141B059MixRoughPatch100/twod.zarr/dxC/.zattrs
Iso3kmlowU10Amp305f141B059MixRoughPatch100/twod.zarr/dxC/0.0
Iso3kmlowU10Amp305f141B059MixRoughPatch100/twod.zarr/dxG/
Iso3kmlowU10Amp305f141B059MixRoughPatch100/twod.zarr/dxG/.zarray
Iso3kmlowU10Amp305f141B059MixRoughPatch100/twod.zarr/dxG/.zattrs
Iso3kmlowU10Amp305f141B059MixRoughPatch100/twod.zarr/dxG/0.0
Iso3kmlowU10Amp305f141B059MixRoughPatch100/twod.zarr/dyC/
Iso3kmlowU10Amp305f141B059MixRoughPatch100/twod.zarr/dyC/.zarray
Iso3kmlowU10Amp305f141B059MixRoughPatch100/twod.zarr/dyC/.zattrs
Iso3kmlowU10Amp305f141B059MixRoughPatch100/twod.zarr/dyC/0.0
Iso3kmlowU10Amp305f141B059MixRoughPatch100/twod.zarr/dyG/
Iso3kmlowU10Amp305f141B059MixRoughPatch100/twod.zarr/dyG/.zarray
Iso3kmlowU10Amp305f141B059MixRoughPatch100/twod.zarr/dyG/.zattrs
Iso3kmlowU10Amp305f141B059MixRoughPatch100/twod.zarr/dyG/0.0
Iso3kmlowU10Amp305f141B059MixRoughPatch100/twod.zarr/iter/
Iso3kmlowU10Amp305f141B059MixRoughPatch100/twod.zarr/iter/.zarray
Iso3kmlowU10Amp305f141B059MixRoughPatch100/twod.zarr/iter/.zattrs
Iso3kmlowU10Amp305f141B059MixRoughPatch100/twod.zarr/iter/0
Iso3kmlowU10Amp305f141B059MixRoughPatch100/twod.zarr/iter/1
Iso3kmlowU10Amp305f141B059MixRoughPatch100/twod.zarr/iter/10
Iso3kmlowU10Amp305f141B059MixRoughPatch100/twod.zarr/iter/11
Iso3kmlowU10Amp305f141B059MixRoughPatch100/twod.zarr/iter/12
Iso3kmlowU10Amp305f141B059MixRoughPatch100/twod.zarr/iter/13
Iso3kmlowU10Amp305f141B059MixRoughPatch100/twod.zarr/iter/14
Iso3kmlowU10Amp305f141B059MixRoughPatch100/twod.zarr/iter/15
Iso3kmlowU10Amp305f141B059MixRoughPatch100/twod.zarr/iter/16
Iso3kmlowU10Amp305f141B059MixRoughPatch100/twod.zarr/iter/17
Iso3kmlowU10Amp305f141B059MixRoughPatch100/twod.zarr/iter/18
Iso3kmlowU10Amp305f141B059MixRoughPatch100/twod.zarr/iter/19
Iso3kmlowU10Amp305f141B059MixRoughPatch100/twod.zarr/iter/2
Iso3kmlowU10Amp305f141B059MixRoughPatch100/twod.zarr/iter/20
Iso3kmlowU10Amp305f141B059MixRoughPatch100/twod.zarr/iter/21
Iso3kmlowU10Amp305f141B059MixRoughPatch100/twod.zarr/iter/22
Iso3kmlowU10Amp305f141B059MixRoughPatch100/twod.zarr/iter/23
Iso3kmlowU10Amp305f141B059MixRoughPatch100/twod.zarr/iter/24
Iso3kmlowU10Amp305f141B059MixRoughPatch100/twod.zarr/iter/25
Iso3kmlowU10Amp305f141B059MixRoughPatch100/twod.zarr/iter/26
Iso3kmlowU10Amp305f141B059MixRoughPatch100/twod.zarr/iter/27
Iso3kmlowU10Amp305f141B059MixRoughPatch100/twod.zarr/iter/28
Iso3kmlowU10Amp305f141B059MixRoughPatch100/twod.zarr/iter/29
Iso3kmlowU10Amp305f141B059MixRoughPatch100/twod.zarr/iter/3
Iso3kmlowU10Amp305f141B059MixRoughPatch100/twod.zarr/iter/30
Iso3kmlowU10Amp305f141B059MixRoughPatch100/twod.zarr/iter/31
Iso3kmlowU10Amp305f141B059MixRoughPatch100/twod.zarr/iter/32
Iso3kmlowU10Amp305f141B059MixRoughPatch100/twod.zarr/iter/33
Iso3kmlowU10Amp305f141B059MixRoughPatch100/twod.zarr/iter/34
Iso3kmlowU10Amp305f141B059MixRoughPatch100/twod.zarr/iter/35
Iso3kmlowU10Amp305f141B059MixRoughPatch100/twod.zarr/iter/36
Iso3kmlowU10Amp305f141B059MixRoughPatch100/twod.zarr/iter/4
Iso3kmlowU10Amp305f141B059MixRoughPatch100/twod.zarr/iter/5
Iso3kmlowU10Amp305f141B059MixRoughPatch100/twod.zarr/iter/6
Iso3kmlowU10Amp305f141B059MixRoughPatch100/twod.zarr/iter/7
Iso3kmlowU10Amp305f141B059MixRoughPatch100/twod.zarr/iter/8
Iso3kmlowU10Amp305f141B059MixRoughPatch100/twod.zarr/iter/9
Iso3kmlowU10Amp305f141B059MixRoughPatch100/twod.zarr/rA/
Iso3kmlowU10Amp305f141B059MixRoughPatch100/twod.zarr/rA/.zarray
Iso3kmlowU10Amp305f141B059MixRoughPatch100/twod.zarr/rA/.zattrs
Iso3kmlowU10Amp305f141B059MixRoughPatch100/twod.zarr/rA/0.0
Iso3kmlowU10Amp305f141B059MixRoughPatch100/twod.zarr/rAs/
Iso3kmlowU10Amp305f141B059MixRoughPatch100/twod.zarr/rAs/.zarray
Iso3kmlowU10Amp305f141B059MixRoughPatch100/twod.zarr/rAs/.zattrs
Iso3kmlowU10Amp305f141B059MixRoughPatch100/twod.zarr/rAs/0.0
Iso3kmlowU10Amp305f141B059MixRoughPatch100/twod.zarr/rAw/
Iso3kmlowU10Amp305f141B059MixRoughPatch100/twod.zarr/rAw/.zarray
Iso3kmlowU10Amp305f141B059MixRoughPatch100/twod.zarr/rAw/.zattrs
Iso3kmlowU10Amp305f141B059MixRoughPatch100/twod.zarr/rAw/0.0
Iso3kmlowU10Amp305f141B059MixRoughPatch100/twod.zarr/rAz/
Iso3kmlowU10Amp305f141B059MixRoughPatch100/twod.zarr/rAz/.zarray
Iso3kmlowU10Amp305f141B059MixRoughPatch100/twod.zarr/rAz/.zattrs
Iso3kmlowU10Amp305f141B059MixRoughPatch100/twod.zarr/rAz/0.0
Iso3kmlowU10Amp305f141B059MixRoughPatch100/twod.zarr/rLowC/
Iso3kmlowU10Amp305f141B059MixRoughPatch100/twod.zarr/rLowC/.zarray
Iso3kmlowU10Amp305f141B059MixRoughPatch100/twod.zarr/rLowC/.zattrs
Iso3kmlowU10Amp305f141B059MixRoughPatch100/twod.zarr/rLowC/0.0
Iso3kmlowU10Amp305f141B059MixRoughPatch100/twod.zarr/rLowS/
Iso3kmlowU10Amp305f141B059MixRoughPatch100/twod.zarr/rLowS/.zarray
Iso3kmlowU10Amp305f141B059MixRoughPatch100/twod.zarr/rLowS/.zattrs
Iso3kmlowU10Amp305f141B059MixRoughPatch100/twod.zarr/rLowS/0.0
Iso3kmlowU10Amp305f141B059MixRoughPatch100/twod.zarr/rLowW/
Iso3kmlowU10Amp305f141B059MixRoughPatch100/twod.zarr/rLowW/.zarray
Iso3kmlowU10Amp305f141B059MixRoughPatch100/twod.zarr/rLowW/.zattrs
Iso3kmlowU10Amp305f141B059MixRoughPatch100/twod.zarr/rLowW/0.0
Iso3kmlowU10Amp305f141B059MixRoughPatch100/twod.zarr/rSurfC/
Iso3kmlowU10Amp305f141B059MixRoughPatch100/twod.zarr/rSurfC/.zarray
Iso3kmlowU10Amp305f141B059MixRoughPatch100/twod.zarr/rSurfC/.zattrs
Iso3kmlowU10Amp305f141B059MixRoughPatch100/twod.zarr/rSurfC/0.0
Iso3kmlowU10Amp305f141B059MixRoughPatch100/twod.zarr/rSurfS/
Iso3kmlowU10Amp305f141B059MixRoughPatch100/twod.zarr/rSurfS/.zarray
Iso3kmlowU10Amp305f141B059MixRoughPatch100/twod.zarr/rSurfS/.zattrs
Iso3kmlowU10Amp305f141B059MixRoughPatch100/twod.zarr/rSurfS/0.0
Iso3kmlowU10Amp305f141B059MixRoughPatch100/twod.zarr/rSurfW/
Iso3kmlowU10Amp305f141B059MixRoughPatch100/twod.zarr/rSurfW/.zarray
Iso3kmlowU10Amp305f141B059MixRoughPatch100/twod.zarr/rSurfW/.zattrs
Iso3kmlowU10Amp305f141B059MixRoughPatch100/twod.zarr/rSurfW/0.0
Iso3kmlowU10Amp305f141B059MixRoughPatch100/twod.zarr/rhoRef/
Iso3kmlowU10Amp305f141B059MixRoughPatch100/twod.zarr/rhoRef/.zarray
Iso3kmlowU10Amp305f141B059MixRoughPatch100/twod.zarr/rhoRef/.zattrs
Iso3kmlowU10Amp305f141B059MixRoughPatch100/twod.zarr/rhoRef/0
Iso3kmlowU10Amp305f141B059MixRoughPatch100/twod.zarr/time/
Iso3kmlowU10Amp305f141B059MixRoughPatch100/twod.zarr/time/.zarray
Iso3kmlowU10Amp305f141B059MixRoughPatch100/twod.zarr/time/.zattrs
Iso3kmlowU10Amp305f141B059MixRoughPatch100/twod.zarr/time/0

sent 292,466 bytes  received 413,884 bytes  83,100.00 bytes/sec
total size is 369,644,505  speedup is 523.32
